<?xml version="1.0" encoding="UTF-8"?>
<testng-results ignored="0" total="1" passed="1" failed="0" skipped="0">
  <reporter-output>
  </reporter-output>
  <suite started-at="2021-04-30T17:35:23 EDT" name="Default suite" finished-at="2021-04-30T17:35:32 EDT" duration-ms="8947">
    <groups>
    </groups>
    <test started-at="2021-04-30T17:35:23 EDT" name="Default test" finished-at="2021-04-30T17:35:32 EDT" duration-ms="8947">
      <class name="Test1.SeleniumDemo">
        <test-method is-config="true" signature="setUp()[pri:0, instance:Test1.SeleniumDemo@6973bf95]" started-at="2021-04-30T17:35:23 EDT" name="setUp" finished-at="2021-04-30T17:35:31 EDT" duration-ms="8028" status="PASS">
          <reporter-output>
          </reporter-output>
        </test-method> <!-- setUp -->
        <test-method signature="userLogin()[pri:0, instance:Test1.SeleniumDemo@6973bf95]" started-at="2021-04-30T17:35:31 EDT" name="userLogin" finished-at="2021-04-30T17:35:31 EDT" duration-ms="290" status="PASS">
          <reporter-output>
          </reporter-output>
        </test-method> <!-- userLogin -->
        <test-method is-config="true" signature="tearDown()[pri:0, instance:Test1.SeleniumDemo@6973bf95]" started-at="2021-04-30T17:35:31 EDT" name="tearDown" finished-at="2021-04-30T17:35:32 EDT" duration-ms="598" status="PASS">
          <reporter-output>
          </reporter-output>
        </test-method> <!-- tearDown -->
      </class> <!-- Test1.SeleniumDemo -->
    </test> <!-- Default test -->
  </suite> <!-- Default suite -->
</testng-results>
